[debug] [2022-06-26T11:02:54.747Z] ----------------------------------------------------------------------
[debug] [2022-06-26T11:02:54.748Z] Command:       /usr/local/bin/node /usr/local/bin/firebase init
[debug] [2022-06-26T11:02:54.749Z] CLI Version:   11.1.0
[debug] [2022-06-26T11:02:54.749Z] Platform:      darwin
[debug] [2022-06-26T11:02:54.749Z] Node Version:  v16.15.1
[debug] [2022-06-26T11:02:54.750Z] Time:          Sun Jun 26 2022 14:02:54 GMT+0300 (GMT+03:00)
[debug] [2022-06-26T11:02:54.750Z] ----------------------------------------------------------------------
[debug] 
[debug] [2022-06-26T11:02:54.753Z] > command requires scopes: ["email","openid","https://www.googleapis.com/auth/cloudplatformprojects.readonly","https://www.googleapis.com/auth/firebase","https://www.googleapis.com/auth/cloud-platform"]
[debug] [2022-06-26T11:02:54.754Z] > authorizing via signed-in user (erdoganyesil3@gmail.com)
[info] 
     ######## #### ########  ######## ########     ###     ######  ########
     ##        ##  ##     ## ##       ##     ##  ##   ##  ##       ##
     ######    ##  ########  ######   ########  #########  ######  ######
     ##        ##  ##    ##  ##       ##     ## ##     ##       ## ##
     ##       #### ##     ## ######## ########  ##     ##  ######  ########

You're about to initialize a Firebase project in this directory:

  /Users/erdoganyesil/Documents/Notiverse/front

[info] 
=== Project Setup
[info] 
[info] First, let's associate this project directory with a Firebase project.
[info] You can create multiple project aliases by running firebase use --add, 
[info] but for now we'll just set up a default project.
[info] 
[debug] [2022-06-26T11:03:12.124Z] >>> [apiv2][query] GET https://firebase.googleapis.com/v1beta1/projects pageSize=100
[debug] [2022-06-26T11:03:12.754Z] <<< [apiv2][status] GET https://firebase.googleapis.com/v1beta1/projects 200
[debug] [2022-06-26T11:03:12.754Z] <<< [apiv2][body] GET https://firebase.googleapis.com/v1beta1/projects [omitted]
[info] i  Using project notiverse-da4ed (Notiverse) 
[info] 
=== Database Setup
[info] i  database: ensuring required API firebasedatabase.googleapis.com is enabled... 
[debug] [2022-06-26T11:03:17.605Z] >>> [apiv2][query] GET https://serviceusage.googleapis.com/v1/projects/notiverse-da4ed/services/firebasedatabase.googleapis.com [none]
[debug] [2022-06-26T11:03:18.806Z] <<< [apiv2][status] GET https://serviceusage.googleapis.com/v1/projects/notiverse-da4ed/services/firebasedatabase.googleapis.com 200
[debug] [2022-06-26T11:03:18.806Z] <<< [apiv2][body] GET https://serviceusage.googleapis.com/v1/projects/notiverse-da4ed/services/firebasedatabase.googleapis.com [omitted]
[info] ✔  database: required API firebasedatabase.googleapis.com is enabled 
[info] 
[debug] [2022-06-26T11:03:18.807Z] >>> [apiv2][query] GET https://firebasedatabase.googleapis.com/v1beta/projects/notiverse-da4ed/locations/-/instances/notiverse-da4ed-default-rtdb [none]
[debug] [2022-06-26T11:03:19.320Z] <<< [apiv2][status] GET https://firebasedatabase.googleapis.com/v1beta/projects/notiverse-da4ed/locations/-/instances/notiverse-da4ed-default-rtdb 200
[debug] [2022-06-26T11:03:19.320Z] <<< [apiv2][body] GET https://firebasedatabase.googleapis.com/v1beta/projects/notiverse-da4ed/locations/-/instances/notiverse-da4ed-default-rtdb {"name":"projects/1017604751331/locations/europe-west1/instances/notiverse-da4ed-default-rtdb","project":"projects/1017604751331","databaseUrl":"https://notiverse-da4ed-default-rtdb.europe-west1.firebasedatabase.app","type":"DEFAULT_DATABASE","state":"ACTIVE"}
[info] 
[info] Firebase Realtime Database Security Rules allow you to define how your data should be
[info] structured and when your data can be read from and written to.
[info] 
[debug] [2022-06-26T11:03:21.765Z] >>> [apiv2][query] GET https://notiverse-da4ed-default-rtdb.europe-west1.firebasedatabase.app/.settings/rules.json [none]
[debug] [2022-06-26T11:03:22.077Z] <<< [apiv2][status] GET https://notiverse-da4ed-default-rtdb.europe-west1.firebasedatabase.app/.settings/rules.json 200
[debug] [2022-06-26T11:03:22.077Z] <<< [apiv2][body] GET https://notiverse-da4ed-default-rtdb.europe-west1.firebasedatabase.app/.settings/rules.json [stream]
[info] ✔  Database Rules for notiverse-da4ed-default-rtdb have been written to database.rules.json. 
[info] Future modifications to database.rules.json will update Realtime Database Security Rules when you run
[info] firebase deploy.
[info] 
=== Functions Setup
[info] 
[info] A functions directory will be created in your project with sample code
[info] pre-configured. Functions can be deployed with firebase deploy.
[info] 
[debug] [2022-06-26T11:03:22.081Z] > command requires scopes: ["email","openid","https://www.googleapis.com/auth/cloudplatformprojects.readonly","https://www.googleapis.com/auth/firebase","https://www.googleapis.com/auth/cloud-platform"]
[debug] [2022-06-26T11:03:22.082Z] > authorizing via signed-in user (erdoganyesil3@gmail.com)
[debug] [2022-06-26T11:03:22.082Z] [iam] checking project notiverse-da4ed for permissions ["firebase.projects.get"]
[debug] [2022-06-26T11:03:22.083Z] >>> [apiv2][query] POST https://cloudresourcemanager.googleapis.com/v1/projects/notiverse-da4ed:testIamPermissions [none]
[debug] [2022-06-26T11:03:22.083Z] >>> [apiv2][body] POST https://cloudresourcemanager.googleapis.com/v1/projects/notiverse-da4ed:testIamPermissions {"permissions":["firebase.projects.get"]}
[debug] [2022-06-26T11:03:23.207Z] <<< [apiv2][status] POST https://cloudresourcemanager.googleapis.com/v1/projects/notiverse-da4ed:testIamPermissions 200
[debug] [2022-06-26T11:03:23.207Z] <<< [apiv2][body] POST https://cloudresourcemanager.googleapis.com/v1/projects/notiverse-da4ed:testIamPermissions {"permissions":["firebase.projects.get"]}
[debug] [2022-06-26T11:03:23.208Z] >>> [apiv2][query] GET https://serviceusage.googleapis.com/v1/projects/notiverse-da4ed/services/cloudfunctions.googleapis.com [none]
[debug] [2022-06-26T11:03:23.209Z] >>> [apiv2][query] GET https://serviceusage.googleapis.com/v1/projects/notiverse-da4ed/services/runtimeconfig.googleapis.com [none]
[debug] [2022-06-26T11:03:24.338Z] <<< [apiv2][status] GET https://serviceusage.googleapis.com/v1/projects/notiverse-da4ed/services/cloudfunctions.googleapis.com 200
[debug] [2022-06-26T11:03:24.338Z] <<< [apiv2][body] GET https://serviceusage.googleapis.com/v1/projects/notiverse-da4ed/services/cloudfunctions.googleapis.com [omitted]
[debug] [2022-06-26T11:03:24.339Z] >>> [apiv2][query] POST https://serviceusage.googleapis.com/v1/projects/notiverse-da4ed/services/cloudfunctions.googleapis.com:enable [none]
[debug] [2022-06-26T11:03:24.341Z] <<< [apiv2][status] GET https://serviceusage.googleapis.com/v1/projects/notiverse-da4ed/services/runtimeconfig.googleapis.com 200
[debug] [2022-06-26T11:03:24.342Z] <<< [apiv2][body] GET https://serviceusage.googleapis.com/v1/projects/notiverse-da4ed/services/runtimeconfig.googleapis.com [omitted]
[debug] [2022-06-26T11:03:26.210Z] <<< [apiv2][status] POST https://serviceusage.googleapis.com/v1/projects/notiverse-da4ed/services/cloudfunctions.googleapis.com:enable 200
[debug] [2022-06-26T11:03:26.210Z] <<< [apiv2][body] POST https://serviceusage.googleapis.com/v1/projects/notiverse-da4ed/services/cloudfunctions.googleapis.com:enable [omitted]
[debug] [2022-06-26T11:03:36.216Z] >>> [apiv2][query] GET https://serviceusage.googleapis.com/v1/projects/notiverse-da4ed/services/cloudfunctions.googleapis.com [none]
[debug] [2022-06-26T11:03:37.344Z] <<< [apiv2][status] GET https://serviceusage.googleapis.com/v1/projects/notiverse-da4ed/services/cloudfunctions.googleapis.com 200
[debug] [2022-06-26T11:03:37.345Z] <<< [apiv2][body] GET https://serviceusage.googleapis.com/v1/projects/notiverse-da4ed/services/cloudfunctions.googleapis.com [omitted]
[info] ✔  Wrote functions/package.json 
[info] ✔  Wrote functions/index.js 
[info] ✔  Wrote functions/.gitignore 
[info] 
=== Hosting Setup
[info] 
[info] Your public directory is the folder (relative to your project directory) that
[info] will contain Hosting assets to be uploaded with firebase deploy. If you
[info] have a build process for your assets, use your build's output directory.
[info] 
[debug] [2022-06-26T11:04:08.879Z] >>> [apiv2][query] GET https://www.gstatic.com/firebasejs/releases.json [none]
[debug] [2022-06-26T11:04:09.172Z] <<< [apiv2][status] GET https://www.gstatic.com/firebasejs/releases.json 200
[debug] [2022-06-26T11:04:09.172Z] <<< [apiv2][body] GET https://www.gstatic.com/firebasejs/releases.json {"current":{"version":"9.8.4","browserURL":"https://www.gstatic.com/firebasejs/9.8.4/firebase.js","packageURL":"https://www.gstatic.com/firebasejs/9.8.4/firebase.tgz"},"live":{"version":"9.8","browserURL":"https://www.gstatic.com/firebasejs/live/9.8/firebase.js","packageURL":"https://www.gstatic.com/firebasejs/live/9.8/firebase.tgz"},"components":{"analytics":"https://www.gstatic.com/firebasejs/9.8.4/firebase-analytics.js","app":"https://www.gstatic.com/firebasejs/9.8.4/firebase-app.js","app-check":"https://www.gstatic.com/firebasejs/9.8.4/firebase-app-check.js","auth":"https://www.gstatic.com/firebasejs/9.8.4/firebase-auth.js","auth/cordova":"https://www.gstatic.com/firebasejs/9.8.4/firebase-auth/cordova.js","auth/react-native":"https://www.gstatic.com/firebasejs/9.8.4/firebase-auth/react-native.js","functions":"https://www.gstatic.com/firebasejs/9.8.4/firebase-functions.js","firestore":"https://www.gstatic.com/firebasejs/9.8.4/firebase-firestore.js","firestore/lite":"https://www.gstatic.com/firebasejs/9.8.4/firebase-firestore/lite.js","storage":"https://www.gstatic.com/firebasejs/9.8.4/firebase-storage.js","performance":"https://www.gstatic.com/firebasejs/9.8.4/firebase-performance.js","remote-config":"https://www.gstatic.com/firebasejs/9.8.4/firebase-remote-config.js","messaging":"https://www.gstatic.com/firebasejs/9.8.4/firebase-messaging.js","messaging/sw":"https://www.gstatic.com/firebasejs/9.8.4/firebase-messaging/sw.js","database":"https://www.gstatic.com/firebasejs/9.8.4/firebase-database.js","firestore.memory":"https://www.gstatic.com/firebasejs/9.8.4/firebase-firestore.memory.js"}}
[info] ✔  Wrote public/index.html 
[info] 
[info] i  Detected a .git folder at /Users/erdoganyesil/Documents/Notiverse/front 
[info] i  Authorizing with GitHub to upload your service account to a GitHub repository's secrets store. 
[info] 
[info] Visit this URL on this device to log in:
[info] https://github.com/login/oauth/authorize?client_id=89cf50f02ac6aaed3484&state=349252130&redirect_uri=http%3A%2F%2Flocalhost%3A9005&scope=read%3Auser%20repo%20public_repo
[info] 
[info] Waiting for authentication...
[debug] [2022-06-26T11:04:19.882Z] >>> [apiv2][query] POST https://github.com/login/oauth/access_token [none]
[debug] [2022-06-26T11:04:19.882Z] >>> [apiv2][body] POST https://github.com/login/oauth/access_token [stream]
[debug] [2022-06-26T11:04:20.280Z] <<< [apiv2][status] POST https://github.com/login/oauth/access_token 200
[debug] [2022-06-26T11:04:20.280Z] <<< [apiv2][body] POST https://github.com/login/oauth/access_token {"access_token":"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","token_type":"bearer","scope":"read:user,repo"}
[debug] [2022-06-26T11:04:20.285Z] >>> [apiv2][query] GET https://api.github.com/user [none]
[debug] [2022-06-26T11:04:20.681Z] <<< [apiv2][status] GET https://api.github.com/user 200
[debug] [2022-06-26T11:04:20.682Z] <<< [apiv2][body] GET https://api.github.com/user {"login":"erdodo","id":48126890,"node_id":"MDQ6VXNlcjQ4MTI2ODkw","avatar_url":"https://avatars.githubusercontent.com/u/48126890?v=4","gravatar_id":"","url":"https://api.github.com/users/erdodo","html_url":"https://github.com/erdodo","followers_url":"https://api.github.com/users/erdodo/followers","following_url":"https://api.github.com/users/erdodo/following{/other_user}","gists_url":"https://api.github.com/users/erdodo/gists{/gist_id}","starred_url":"https://api.github.com/users/erdodo/starred{/owner}{/repo}","subscriptions_url":"https://api.github.com/users/erdodo/subscriptions","organizations_url":"https://api.github.com/users/erdodo/orgs","repos_url":"https://api.github.com/users/erdodo/repos","events_url":"https://api.github.com/users/erdodo/events{/privacy}","received_events_url":"https://api.github.com/users/erdodo/received_events","type":"User","site_admin":false,"name":"Erdogan","company":"Kuvarssoft Teknoloji","blog":"","location":"Turkey","email":null,"hireable":null,"bio":"Full stack developer","twitter_username":null,"public_repos":17,"public_gists":3,"followers":6,"following":8,"created_at":"2019-03-01T13:11:25Z","updated_at":"2022-06-19T15:27:25Z","private_gists":0,"total_private_repos":15,"owned_private_repos":15,"disk_usage":603554,"collaborators":2,"two_factor_authentication":false,"plan":{"name":"free","space":976562499,"collaborators":0,"private_repos":10000}}
[info] 
[info] ✔  Success! Logged into GitHub as erdodo 
[info] 
[debug] [2022-06-26T11:04:24.020Z] >>> [apiv2][query] GET https://api.github.com/repos//actions/secrets/public-key type=owner
[debug] [2022-06-26T11:04:24.353Z] <<< [apiv2][status] GET https://api.github.com/repos//actions/secrets/public-key 404
[debug] [2022-06-26T11:04:24.353Z] <<< [apiv2][body] GET https://api.github.com/repos//actions/secrets/public-key {"message":"Not Found","documentation_url":"https://docs.github.com/rest"}
